<?xml version="1.0" encoding="UTF-8"?>
<testng-results skipped="0" failed="0" ignored="0" total="1" passed="1">
  <reporter-output>
  </reporter-output>
  <suite name="QA_LPAD" duration-ms="3623" started-at="2021-05-25T15:33:06Z" finished-at="2021-05-25T15:33:09Z">
    <groups>
      <group name="smoke">
        <method signature="LPAD_API_Test.GetPresetValues()[pri:0, instance:DAC.API_Automation.LPAD_API_Test@1b604f19]" name="GetPresetValues" class="DAC.API_Automation.LPAD_API_Test"/>
      </group> <!-- smoke -->
    </groups>
    <test name="LPAD API Regression" duration-ms="3623" started-at="2021-05-25T15:33:06Z" finished-at="2021-05-25T15:33:09Z">
      <class name="DAC.API_Automation.LPAD_API_Test">
        <test-method status="PASS" signature="GetPresetValues()[pri:0, instance:DAC.API_Automation.LPAD_API_Test@1b604f19]" name="GetPresetValues" duration-ms="3600" started-at="2021-05-25T15:33:06Z" description="TC: Get Preset Values" finished-at="2021-05-25T15:33:09Z">
          <reporter-output>
          </reporter-output>
        </test-method> <!-- GetPresetValues -->
      </class> <!-- DAC.API_Automation.LPAD_API_Test -->
    </test> <!-- LPAD API Regression -->
  </suite> <!-- QA_LPAD -->
</testng-results>
